
  .   ____          _            __ _ _
 /\\ / ___'_ __ _ _(_)_ __  __ _ \ \ \ \
( ( )\___ | '_ | '_| | '_ \/ _` | \ \ \ \
 \\/  ___)| |_)| | | | | || (_| |  ) ) ) )
  '  |____| .__|_| |_|_| |_\__, | / / / /
 =========|_|==============|___/=/_/_/_/

 :: Spring Boot ::                (v3.5.4)

2025-09-20T23:55:42.631+05:30  INFO 79090 --- [cloud-based-Task-manager] [           main] c.e.c.t.CloudBasedTaskManagerApplication : Starting CloudBasedTaskManagerApplication v0.0.1-SNAPSHOT using Java 23.0.1 with PID 79090 (/Users/mehan/tk/cloudbased--task-manager-Webapp/backend/build/libs/cloud-based-Task-manager-0.0.1-SNAPSHOT.jar started by mehan in /Users/mehan/tk/cloudbased--task-manager-Webapp/backend)
2025-09-20T23:55:42.638+05:30  INFO 79090 --- [cloud-based-Task-manager] [           main] c.e.c.t.CloudBasedTaskManagerApplication : The following 1 profile is active: "local"
2025-09-20T23:55:53.616+05:30  INFO 79090 --- [cloud-based-Task-manager] [           main] .s.d.r.c.RepositoryConfigurationDelegate : Bootstrapping Spring Data JPA repositories in DEFAULT mode.
2025-09-20T23:55:53.870+05:30  INFO 79090 --- [cloud-based-Task-manager] [           main] .s.d.r.c.RepositoryConfigurationDelegate : Finished Spring Data repository scanning in 194 ms. Found 3 JPA repository interfaces.
2025-09-20T23:55:54.596+05:30  INFO 79090 --- [cloud-based-Task-manager] [           main] o.s.cloud.context.scope.GenericScope     : BeanFactory id=6df18652-9b0a-3347-9cae-4796c66bc16a
2025-09-20T23:55:55.592+05:30  INFO 79090 --- [cloud-based-Task-manager] [           main] o.s.b.w.embedded.tomcat.TomcatWebServer  : Tomcat initialized with port 8081 (http)
2025-09-20T23:55:55.621+05:30  INFO 79090 --- [cloud-based-Task-manager] [           main] o.apache.catalina.core.StandardService   : Starting service [Tomcat]
2025-09-20T23:55:55.621+05:30  INFO 79090 --- [cloud-based-Task-manager] [           main] o.apache.catalina.core.StandardEngine    : Starting Servlet engine: [Apache Tomcat/10.1.43]
2025-09-20T23:55:55.677+05:30  INFO 79090 --- [cloud-based-Task-manager] [           main] o.a.c.c.C.[Tomcat].[localhost].[/]       : Initializing Spring embedded WebApplicationContext
2025-09-20T23:55:55.678+05:30  INFO 79090 --- [cloud-based-Task-manager] [           main] w.s.c.ServletWebServerApplicationContext : Root WebApplicationContext: initialization completed in 11664 ms
2025-09-20T23:55:56.156+05:30  INFO 79090 --- [cloud-based-Task-manager] [           main] o.hibernate.jpa.internal.util.LogHelper  : HHH000204: Processing PersistenceUnitInfo [name: default]
2025-09-20T23:55:56.426+05:30  INFO 79090 --- [cloud-based-Task-manager] [           main] org.hibernate.Version                    : HHH000412: Hibernate ORM core version 6.6.22.Final
2025-09-20T23:55:56.528+05:30  INFO 79090 --- [cloud-based-Task-manager] [           main] o.h.c.internal.RegionFactoryInitiator    : HHH000026: Second-level cache disabled
2025-09-20T23:55:57.246+05:30  INFO 79090 --- [cloud-based-Task-manager] [           main] o.s.o.j.p.SpringPersistenceUnitInfo      : No LoadTimeWeaver setup: ignoring JPA class transformer
2025-09-20T23:55:57.290+05:30  INFO 79090 --- [cloud-based-Task-manager] [           main] com.zaxxer.hikari.HikariDataSource       : HikariPool-1 - Starting...
2025-09-20T23:55:57.727+05:30  INFO 79090 --- [cloud-based-Task-manager] [           main] com.zaxxer.hikari.pool.HikariPool        : HikariPool-1 - Added connection conn0: url=jdbc:h2:mem:testdb user=SA
2025-09-20T23:55:57.732+05:30  INFO 79090 --- [cloud-based-Task-manager] [           main] com.zaxxer.hikari.HikariDataSource       : HikariPool-1 - Start completed.
2025-09-20T23:55:57.801+05:30  WARN 79090 --- [cloud-based-Task-manager] [           main] org.hibernate.orm.deprecation            : HHH90000025: H2Dialect does not need to be specified explicitly using 'hibernate.dialect' (remove the property setting and it will be selected by default)
2025-09-20T23:55:57.833+05:30  INFO 79090 --- [cloud-based-Task-manager] [           main] org.hibernate.orm.connections.pooling    : HHH10001005: Database info:
	Database JDBC URL [Connecting through datasource 'HikariDataSource (HikariPool-1)']
	Database driver: undefined/unknown
	Database version: 2.3.232
	Autocommit mode: undefined/unknown
	Isolation level: undefined/unknown
	Minimum pool size: undefined/unknown
	Maximum pool size: undefined/unknown
2025-09-20T23:55:59.043+05:30  INFO 79090 --- [cloud-based-Task-manager] [           main] o.h.e.t.j.p.i.JtaPlatformInitiator       : HHH000489: No JTA platform available (set 'hibernate.transaction.jta.platform' to enable JTA platform integration)
Hibernate: drop table if exists task_lists cascade 
Hibernate: drop table if exists tasks cascade 
Hibernate: drop table if exists users cascade 
Hibernate: create table task_lists (created_at timestamp(6), id bigint generated by default as identity, updated_at timestamp(6), user_id bigint not null, description varchar(500), color varchar(255) not null, name varchar(255) not null, primary key (id))
Hibernate: create table tasks (sort_order integer, completed_at timestamp(6), created_at timestamp(6), due_date timestamp(6), id bigint generated by default as identity, list_id bigint, user_id bigint, description varchar(255), title varchar(255), priority enum ('HIGH','LOW','MEDIUM','URGENT'), status enum ('CANCELLED','COMPLETED','IN_PROGRESS','PENDING'), primary key (id))
Hibernate: create table users (id bigint generated by default as identity, email varchar(255) not null unique, password varchar(255) not null, username varchar(255) not null unique, primary key (id))
Hibernate: alter table if exists task_lists add constraint FKo8a1kdwjs23fwdyp438v7uf6m foreign key (user_id) references users
Hibernate: alter table if exists tasks add constraint FK20f9kte2cxfhnevhpkxwhkej5 foreign key (list_id) references task_lists
Hibernate: alter table if exists tasks add constraint FK6s1ob9k4ihi75xbxe2w0ylsdh foreign key (user_id) references users
2025-09-20T23:55:59.096+05:30  INFO 79090 --- [cloud-based-Task-manager] [           main] j.LocalContainerEntityManagerFactoryBean : Initialized JPA EntityManagerFactory for persistence unit 'default'
2025-09-20T23:55:59.704+05:30  WARN 79090 --- [cloud-based-Task-manager] [           main] JpaBaseConfiguration$JpaWebConfiguration : spring.jpa.open-in-view is enabled by default. Therefore, database queries may be performed during view rendering. Explicitly configure spring.jpa.open-in-view to disable this warning
2025-09-20T23:56:00.019+05:30  INFO 79090 --- [cloud-based-Task-manager] [           main] o.s.b.a.e.web.EndpointLinksResolver      : Exposing 3 endpoints beneath base path '/actuator'
2025-09-20T23:56:00.070+05:30  INFO 79090 --- [cloud-based-Task-manager] [           main] r$InitializeUserDetailsManagerConfigurer : Global AuthenticationManager configured with UserDetailsService bean with name customUserDetailsService
2025-09-20T23:56:00.458+05:30  INFO 79090 --- [cloud-based-Task-manager] [           main] o.s.b.a.h2.H2ConsoleAutoConfiguration    : H2 console available at '/h2-console'. Database available at 'jdbc:h2:mem:testdb'
2025-09-20T23:56:00.621+05:30  WARN 79090 --- [cloud-based-Task-manager] [           main] ConfigServletWebServerApplicationContext : Exception encountered during context initialization - cancelling refresh attempt: org.springframework.context.ApplicationContextException: Failed to start bean 'webServerStartStop'
2025-09-20T23:56:00.630+05:30  INFO 79090 --- [cloud-based-Task-manager] [           main] j.Lo2025-09-20T23:56:01.069+05:30  INFO 79006 --- [cloud-based-Task-manager] [nio-8081-exec-1] o.a.c.c.C.[Tomcat].[localhost].[/]       : Initializing Spring DispatcherServlet 'dispatcherServlet'
2025-09-20T23:56:01.069+05:30  INFO 79006 --- [cloud-based-Task-manager] [nio-8081-exec-1] o.s.web.servlet.DispatcherServlet        : Initializing Servlet 'dispatcherServlet'
2025-09-20T23:56:01.072+05:30  INFO 79006 --- [cloud-based-Task-manager] [nio-8081-exec-1] o.s.web.servlet.DispatcherServlet        : Completed initialization in 3 ms
Hibernate: select u1_0.id,u1_0.email,u1_0.password,u1_0.username from users u1_0 where u1_0.username=?
Hibernate: select u1_0.id,u1_0.email,u1_0.password,u1_0.username from users u1_0 where u1_0.email=?
Hibernate: insert into users (email,password,username,id) values (?,?,?,default)
Hibernate: select u1_0.id,u1_0.email,u1_0.password,u1_0.username from users u1_0 where u1_0.username=?
Hibernate: select u1_0.id,u1_0.email,u1_0.password,u1_0.username from users u1_0 where u1_0.username=?
Hibernate: select u1_0.id,u1_0.email,u1_0.password,u1_0.username from users u1_0 where u1_0.username=?
lready in use.

Action:

Identify and stop the process that's listening on port 8081 or configure this application to listen on another port.

