> Task :compileJava
> Task :processResources
> Task :classes
> Task :resolveMainClassName UP-TO-DATE

> Task :bootRun

  .   ____          _            __ _ _
 /\\ / ___'_ __ _ _(_)_ __  __ _ \ \ \ \
( ( )\___ | '_ | '_| | '_ \/ _` | \ \ \ \
 \\/  ___)| |_)| | | | | || (_| |  ) ) ) )
  '  |____| .__|_| |_|_| |_\__, | / / / /
 =========|_|==============|___/=/_/_/_/

[32m :: Spring Boot :: [39m              [2m (v3.5.4)[0;39m

[2m2025-08-15T08:32:33.301+05:30[0;39m [32m INFO[0;39m [35m9593[0;39m [2m--- [cloud-based-Task-manager] [  restartedMain] [0;39m[36mc.e.c.t.CloudBasedTaskManagerApplication[0;39m [2m:[0;39m Starting CloudBasedTaskManagerApplication using Java 23.0.1 with PID 9593 (/Users/mehan/Downloads/cloud-based-Task-manager/build/classes/java/main started by mehan in /Users/mehan/Downloads/cloud-based-Task-manager)
[2m2025-08-15T08:32:33.304+05:30[0;39m [32mDEBUG[0;39m [35m9593[0;39m [2m--- [cloud-based-Task-manager] [  restartedMain] [0;39m[36mc.e.c.t.CloudBasedTaskManagerApplication[0;39m [2m:[0;39m Running with Spring Boot v3.5.4, Spring v6.2.9
[2m2025-08-15T08:32:33.304+05:30[0;39m [32m INFO[0;39m [35m9593[0;39m [2m--- [cloud-based-Task-manager] [  restartedMain] [0;39m[36mc.e.c.t.CloudBasedTaskManagerApplication[0;39m [2m:[0;39m No active profile set, falling back to 1 default profile: "default"
[2m2025-08-15T08:32:33.365+05:30[0;39m [32m INFO[0;39m [35m9593[0;39m [2m--- [cloud-based-Task-manager] [  restartedMain] [0;39m[36m.e.DevToolsPropertyDefaultsPostProcessor[0;39m [2m:[0;39m Devtools property defaults active! Set 'spring.devtools.add-properties' to 'false' to disable
[2m2025-08-15T08:32:33.365+05:30[0;39m [32m INFO[0;39m [35m9593[0;39m [2m--- [cloud-based-Task-manager] [  restartedMain] [0;39m[36m.e.DevToolsPropertyDefaultsPostProcessor[0;39m [2m:[0;39m For additional web related logging consider setting the 'logging.level.web' property to 'DEBUG'
[2m2025-08-15T08:32:35.624+05:30[0;39m [32m INFO[0;39m [35m9593[0;39m [2m--- [cloud-based-Task-manager] [  restartedMain] [0;39m[36m.s.d.r.c.RepositoryConfigurationDelegate[0;39m [2m:[0;39m Bootstrapping Spring Data JPA repositories in DEFAULT mode.
[2m2025-08-15T08:32:35.712+05:30[0;39m [32m INFO[0;39m [35m9593[0;39m [2m--- [cloud-based-Task-manager] [  restartedMain] [0;39m[36m.s.d.r.c.RepositoryConfigurationDelegate[0;39m [2m:[0;39m Finished Spring Data repository scanning in 67 ms. Found 2 JPA repository interfaces.
[2m2025-08-15T08:32:36.033+05:30[0;39m [32m INFO[0;39m [35m9593[0;39m [2m--- [cloud-based-Task-manager] [  restartedMain] [0;39m[36mo.s.cloud.context.scope.GenericScope    [0;39m [2m:[0;39m BeanFactory id=d2954870-8947-3a03-9a2c-3ff6538904d6
[2m2025-08-15T08:32:37.099+05:30[0;39m [32m INFO[0;39m [35m9593[0;39m [2m--- [cloud-based-Task-manager] [  restartedMain] [0;39m[36mo.s.b.w.embedded.tomcat.TomcatWebServer [0;39m [2m:[0;39m Tomcat initialized with port 8080 (http)
[2m2025-08-15T08:32:37.159+05:30[0;39m [32m INFO[0;39m [35m9593[0;39m [2m--- [cloud-based-Task-manager] [  restartedMain] [0;39m[36mo.apache.catalina.core.StandardService  [0;39m [2m:[0;39m Starting service [Tomcat]
[2m2025-08-15T08:32:37.159+05:30[0;39m [32m INFO[0;39m [35m9593[0;39m [2m--- [cloud-based-Task-manager] [  restartedMain] [0;39m[36mo.apache.catalina.core.StandardEngine   [0;39m [2m:[0;39m Starting Servlet engine: [Apache Tomcat/10.1.43]
[2m2025-08-15T08:32:37.257+05:30[0;39m [32m INFO[0;39m [35m9593[0;39m [2m--- [cloud-based-Task-manager] [  restartedMain] [0;39m[36mo.a.c.c.C.[Tomcat].[localhost].[/]      [0;39m [2m:[0;39m Initializing Spring embedded WebApplicationContext
[2m2025-08-15T08:32:37.260+05:30[0;39m [32m INFO[0;39m [35m9593[0;39m [2m--- [cloud-based-Task-manager] [  restartedMain] [0;39m[36mw.s.c.ServletWebServerApplicationContext[0;39m [2m:[0;39m Root WebApplicationContext: initialization completed in 3892 ms
[2m2025-08-15T08:32:38.153+05:30[0;39m [32m INFO[0;39m [35m9593[0;39m [2m--- [cloud-based-Task-manager] [  restartedMain] [0;39m[36mo.hibernate.jpa.internal.util.LogHelper [0;39m [2m:[0;39m HHH000204: Processing PersistenceUnitInfo [name: default]
[2m2025-08-15T08:32:38.423+05:30[0;39m [32m INFO[0;39m [35m9593[0;39m [2m--- [cloud-based-Task-manager] [  restartedMain] [0;39m[36morg.hibernate.Version                   [0;39m [2m:[0;39m HHH000412: Hibernate ORM core version 6.6.22.Final
[2m2025-08-15T08:32:38.544+05:30[0;39m [32m INFO[0;39m [35m9593[0;39m [2m--- [cloud-based-Task-manager] [  restartedMain] [0;39m[36mo.h.c.internal.RegionFactoryInitiator   [0;39m [2m:[0;39m HHH000026: Second-level cache disabled
[2m2025-08-15T08:32:39.125+05:30[0;39m [32m INFO[0;39m [35m9593[0;39m [2m--- [cloud-based-Task-manager] [  restartedMain] [0;39m[36mo.s.o.j.p.SpringPersistenceUnitInfo     [0;39m [2m:[0;39m No LoadTimeWeaver setup: ignoring JPA class transformer
[2m2025-08-15T08:32:39.160+05:30[0;39m [32m INFO[0;39m [35m9593[0;39m [2m--- [cloud-based-Task-manager] [  restartedMain] [0;39m[36mcom.zaxxer.hikari.HikariDataSource      [0;39m [2m:[0;39m HikariPool-1 - Starting...
[2m2025-08-15T08:32:39.604+05:30[0;39m [32m INFO[0;39m [35m9593[0;39m [2m--- [cloud-based-Task-manager] [  restartedMain] [0;39m[36mcom.zaxxer.hikari.pool.HikariPool       [0;39m [2m:[0;39m HikariPool-1 - Added connection org.postgresql.jdbc.PgConnection@15e5d008
[2m2025-08-15T08:32:39.613+05:30[0;39m [32m INFO[0;39m [35m9593[0;39m [2m--- [cloud-based-Task-manager] [  restartedMain] [0;39m[36mcom.zaxxer.hikari.HikariDataSource      [0;39m [2m:[0;39m HikariPool-1 - Start completed.
[2m2025-08-15T08:32:40.001+05:30[0;39m [33m WARN[0;39m [35m9593[0;39m [2m--- [cloud-based-Task-manager] [  restartedMain] [0;39m[36morg.hibernate.orm.deprecation           [0;39m [2m:[0;39m HHH90000025: PostgreSQLDialect does not need to be specified explicitly using 'hibernate.dialect' (remove the property setting and it will be selected by default)
[2m2025-08-15T08:32:40.168+05:30[0;39m [32m INFO[0;39m [35m9593[0;39m [2m--- [cloud-based-Task-manager] [  restartedMain] [0;39m[36morg.hibernate.orm.connections.pooling   [0;39m [2m:[0;39m HHH10001005: Database info:
	Database JDBC URL [Connecting through datasource 'HikariDataSource (HikariPool-1)']
	Database driver: undefined/unknown
	Database version: 14.17
	Autocommit mode: undefined/unknown
	Isolation level: undefined/unknown
	Minimum pool size: undefined/unknown
	Maximum pool size: undefined/unknown
[2m2025-08-15T08:32:43.959+05:30[0;39m [32m INFO[0;39m [35m9593[0;39m [2m--- [cloud-based-Task-manager] [  restartedMain] [0;39m[36mo.h.e.t.j.p.i.JtaPlatformInitiator      [0;39m [2m:[0;39m HHH000489: No JTA platform available (set 'hibernate.transaction.jta.platform' to enable JTA platform integration)
[2m2025-08-15T08:32:46.122+05:30[0;39m [32m INFO[0;39m [35m9593[0;39m [2m--- [cloud-based-Task-manager] [  restartedMain] [0;39m[36mj.LocalContainerEntityManagerFactoryBean[0;39m [2m:[0;39m Initialized JPA EntityManagerFactory for persistence unit 'default'
[2m2025-08-15T08:32:47.110+05:30[0;39m [33m WARN[0;39m [35m9593[0;39m [2m--- [cloud-based-Task-manager] [  restartedMain] [0;39m[36mJpaBaseConfiguration$JpaWebConfiguration[0;39m [2m:[0;39m spring.jpa.open-in-view is enabled by default. Therefore, database queries may be performed during view rendering. Explicitly configure spring.jpa.open-in-view to disable this warning
[2m2025-08-15T08:32:47.618+05:30[0;39m [32m INFO[0;39m [35m9593[0;39m [2m--- [cloud-based-Task-manager] [  restartedMain] [0;39m[36mo.s.b.a.e.web.EndpointLinksResolver     [0;39m [2m:[0;39m Exposing 1 endpoint beneath base path '/actuator'
[2m2025-08-15T08:32:47.659+05:30[0;39m [33m WARN[0;39m [35m9593[0;39m [2m--- [cloud-based-Task-manager] [  restartedMain] [0;39m[36m.s.s.UserDetailsServiceAutoConfiguration[0;39m [2m:[0;39m 

Using generated security password: 8e1af4d8-541d-4621-9050-e3a949293876

This generated password is for development use only. Your security configuration must be updated before running your application in production.

[2m2025-08-15T08:32:47.666+05:30[0;39m [32m INFO[0;39m [35m9593[0;39m [2m--- [cloud-based-Task-manager] [  restartedMain] [0;39m[36mr$InitializeUserDetailsManagerConfigurer[0;39m [2m:[0;39m Global AuthenticationManager configured with UserDetailsService bean with name inMemoryUserDetailsManager
[2m2025-08-15T08:32:47.781+05:30[0;39m [32mDEBUG[0;39m [35m9593[0;39m [2m--- [cloud-based-Task-manager] [  restartedMain] [0;39m[36mo.s.s.web.DefaultSecurityFilterChain    [0;39m [2m:[0;39m Will secure any request with filters: DisableEncodeUrlFilter, WebAsyncManagerIntegrationFilter, SecurityContextHolderFilter, HeaderWriterFilter, LogoutFilter, RequestCacheAwareFilter, SecurityContextHolderAwareRequestFilter, AnonymousAuthenticationFilter, SessionManagementFilter, ExceptionTranslationFilter, AuthorizationFilter
[2m2025-08-15T08:32:48.092+05:30[0;39m [32m INFO[0;39m [35m9593[0;39m [2m--- [cloud-based-Task-manager] [  restartedMain] [0;39m[36mo.s.b.a.h2.H2ConsoleAutoConfiguration   [0;39m [2m:[0;39m H2 console available at '/h2-console'. Database available at 'jdbc:postgresql://localhost:5432/taskdb'
[2m2025-08-15T08:32:48.142+05:30[0;39m [32m INFO[0;39m [35m9593[0;39m [2m--- [cloud-based-Task-manager] [  restartedMain] [0;39m[36mo.s.b.d.a.OptionalLiveReloadServer      [0;39m [2m:[0;39m LiveReload server is running on port 35729
[2m2025-08-15T08:32:48.303+05:30[0;39m [32m INFO[0;39m [35m9593[0;39m [2m--- [cloud-based-Task-manager] [  restartedMain] [0;39m[36mo.s.b.w.embedded.tomcat.TomcatWebServer [0;39m [2m:[0;39m Tomcat started on port 8080 (http) with context path '/'
[2m2025-08-15T08:32:48.337+05:30[0;39m [32m INFO[0;39m [35m9593[0;39m [2m--- [cloud-based-Task-manager] [  restartedMain] [0;39m[36mc.e.c.t.CloudBasedTaskManagerApplication[0;39m [2m:[0;39m Started CloudBasedTaskManagerApplication in 16.302 seconds (process running for 17.807)
[2m2025-08-15T08:32:59.649+05:30[0;39m [32m INFO[0;39m [35m9593[0;39m [2m--- [cloud-based-Task-manager] [nio-8080-exec-1] [0;39m[36mo.a.c.c.C.[Tomcat].[localhost].[/]      [0;39m [2m:[0;39m Initializing Spring DispatcherServlet 'dispatcherServlet'
[2m2025-08-15T08:32:59.658+05:30[0;39m [32m INFO[0;39m [35m9593[0;39m [2m--- [cloud-based-Task-manager] [nio-8080-exec-1] [0;39m[36mo.s.web.servlet.DispatcherServlet       [0;39m [2m:[0;39m Initializing Servlet 'dispatcherServlet'
[2m2025-08-15T08:32:59.759+05:30[0;39m [32m INFO[0;39m [35m9593[0;39m [2m--- [cloud-based-Task-manager] [nio-8080-exec-1] [0;39m[36mo.s.web.servlet.DispatcherServlet       [0;39m [2m:[0;39m Completed initialization in 100 ms
[2m2025-08-15T08:32:59.933+05:30[0;39m [32mDEBUG[0;39m [35m9593[0;39m [2m--- [cloud-based-Task-manager] [nio-8080-exec-1] [0;39m[36mo.s.security.web.FilterChainProxy       [0;39m [2m:[0;39m Securing POST /api/auth/login
[2m2025-08-15T08:33:00.046+05:30[0;39m [32mDEBUG[0;39m [35m9593[0;39m [2m--- [cloud-based-Task-manager] [nio-8080-exec-1] [0;39m[36mo.s.s.w.a.AnonymousAuthenticationFilter [0;39m [2m:[0;39m Set SecurityContextHolder to anonymous SecurityContext
[2m2025-08-15T08:33:00.098+05:30[0;39m [32mDEBUG[0;39m [35m9593[0;39m [2m--- [cloud-based-Task-manager] [nio-8080-exec-1] [0;39m[36mo.s.security.web.FilterChainProxy       [0;39m [2m:[0;39m Secured POST /api/auth/login
Hibernate: 
    select
        u1_0.id,
        u1_0.email,
        u1_0.password,
        u1_0.username 
    from
        users u1_0 
    where
        u1_0.username=?
[2m2025-08-15T08:33:06.921+05:30[0;39m [32mDEBUG[0;39m [35m9593[0;39m [2m--- [cloud-based-Task-manager] [nio-8080-exec-2] [0;39m[36mo.s.security.web.FilterChainProxy       [0;39m [2m:[0;39m Securing POST /api/auth/signup
[2m2025-08-15T08:33:06.927+05:30[0;39m [32mDEBUG[0;39m [35m9593[0;39m [2m--- [cloud-based-Task-manager] [nio-8080-exec-2] [0;39m[36mo.s.s.w.a.AnonymousAuthenticationFilter [0;39m [2m:[0;39m Set SecurityContextHolder to anonymous SecurityContext
[2m2025-08-15T08:33:06.934+05:30[0;39m [32mDEBUG[0;39m [35m9593[0;39m [2m--- [cloud-based-Task-manager] [nio-8080-exec-2] [0;39m[36mo.s.security.web.FilterChainProxy       [0;39m [2m:[0;39m Secured POST /api/auth/signup
Hibernate: 
    select
        u1_0.id,
        u1_0.email,
        u1_0.password,
        u1_0.username 
    from
        users u1_0 
    where
        u1_0.username=?
Hibernate: 
    select
        u1_0.id,
        u1_0.email,
        u1_0.password,
        u1_0.username 
    from
        users u1_0 
    where
        u1_0.email=?
Hibernate: 
    insert 
    into
        users
        (email, password, username) 
    values
        (?, ?, ?)
[2m2025-08-15T08:33:14.428+05:30[0;39m [32mDEBUG[0;39m [35m9593[0;39m [2m--- [cloud-based-Task-manager] [nio-8080-exec-3] [0;39m[36mo.s.security.web.FilterChainProxy       [0;39m [2m:[0;39m Securing POST /api/auth/signup
[2m2025-08-15T08:33:14.437+05:30[0;39m [32mDEBUG[0;39m [35m9593[0;39m [2m--- [cloud-based-Task-manager] [nio-8080-exec-3] [0;39m[36mo.s.s.w.a.AnonymousAuthenticationFilter [0;39m [2m:[0;39m Set SecurityContextHolder to anonymous SecurityContext
[2m2025-08-15T08:33:14.447+05:30[0;39m [32mDEBUG[0;39m [35m9593[0;39m [2m--- [cloud-based-Task-manager] [nio-8080-exec-3] [0;39m[36mo.s.security.web.FilterChainProxy       [0;39m [2m:[0;39m Secured POST /api/auth/signup
Hibernate: 
    select
        u1_0.id,
        u1_0.email,
        u1_0.password,
        u1_0.username 
    from
        users u1_0 
    where
        u1_0.username=?
Hibernate: 
    select
        u1_0.id,
        u1_0.email,
        u1_0.password,
        u1_0.username 
    from
        users u1_0 
    where
        u1_0.email=?
Hibernate: 
    insert 
    into
        users
        (email, password, username) 
    values
        (?, ?, ?)
[2m2025-08-15T08:36:53.049+05:30[0;39m [32mDEBUG[0;39m [35m9593[0;39m [2m--- [cloud-based-Task-manager] [nio-8080-exec-4] [0;39m[36mo.s.security.web.FilterChainProxy       [0;39m [2m:[0;39m Securing OPTIONS /api/api/auth/signup
[2m2025-08-15T08:36:53.056+05:30[0;39m [32mDEBUG[0;39m [35m9593[0;39m [2m--- [cloud-based-Task-manager] [nio-8080-exec-4] [0;39m[36mo.s.s.w.a.AnonymousAuthenticationFilter [0;39m [2m:[0;39m Set SecurityContextHolder to anonymous SecurityContext
[2m2025-08-15T08:36:53.127+05:30[0;39m [32mDEBUG[0;39m [35m9593[0;39m [2m--- [cloud-based-Task-manager] [nio-8080-exec-4] [0;39m[36mo.s.s.w.a.Http403ForbiddenEntryPoint    [0;39m [2m:[0;39m Pre-authenticated entry point called. Rejecting access
[2m2025-08-15T08:36:53.263+05:30[0;39m [32mDEBUG[0;39m [35m9593[0;39m [2m--- [cloud-based-Task-manager] [nio-8080-exec-4] [0;39m[36mo.s.security.web.FilterChainProxy       [0;39m [2m:[0;39m Securing OPTIONS /error
[2m2025-08-15T08:36:53.264+05:30[0;39m [32mDEBUG[0;39m [35m9593[0;39m [2m--- [cloud-based-Task-manager] [nio-8080-exec-4] [0;39m[36mo.s.s.w.a.AnonymousAuthenticationFilter [0;39m [2m:[0;39m Set SecurityContextHolder to anonymous SecurityContext
[2m2025-08-15T08:36:53.265+05:30[0;39m [32mDEBUG[0;39m [35m9593[0;39m [2m--- [cloud-based-Task-manager] [nio-8080-exec-4] [0;39m[36mo.s.s.w.a.Http403ForbiddenEntryPoint    [0;39m [2m:[0;39m Pre-authenticated entry point called. Rejecting access
[2m2025-08-15T08:38:05.735+05:30[0;39m [32mDEBUG[0;39m [35m9593[0;39m [2m--- [cloud-based-Task-manager] [nio-8080-exec-6] [0;39m[36mo.s.security.web.FilterChainProxy       [0;39m [2m:[0;39m Securing POST /api/auth/login
[2m2025-08-15T08:38:05.744+05:30[0;39m [32mDEBUG[0;39m [35m9593[0;39m [2m--- [cloud-based-Task-manager] [nio-8080-exec-6] [0;39m[36mo.s.s.w.a.AnonymousAuthenticationFilter [0;39m [2m:[0;39m Set SecurityContextHolder to anonymous SecurityContext
[2m2025-08-15T08:38:05.748+05:30[0;39m [32mDEBUG[0;39m [35m9593[0;39m [2m--- [cloud-based-Task-manager] [nio-8080-exec-6] [0;39m[36mo.s.security.web.FilterChainProxy       [0;39m [2m:[0;39m Secured POST /api/auth/login
Hibernate: 
    select
        u1_0.id,
        u1_0.email,
        u1_0.password,
        u1_0.username 
    from
        users u1_0 
    where
        u1_0.username=?
[2m2025-08-15T08:38:09.546+05:30[0;39m [32mDEBUG[0;39m [35m9593[0;39m [2m--- [cloud-based-Task-manager] [nio-8080-exec-7] [0;39m[36mo.s.security.web.FilterChainProxy       [0;39m [2m:[0;39m Securing POST /api/auth/signup
[2m2025-08-15T08:38:09.550+05:30[0;39m [32mDEBUG[0;39m [35m9593[0;39m [2m--- [cloud-based-Task-manager] [nio-8080-exec-7] [0;39m[36mo.s.s.w.a.AnonymousAuthenticationFilter [0;39m [2m:[0;39m Set SecurityContextHolder to anonymous SecurityContext
[2m2025-08-15T08:38:09.553+05:30[0;39m [32mDEBUG[0;39m [35m9593[0;39m [2m--- [cloud-based-Task-manager] [nio-8080-exec-7] [0;39m[36mo.s.security.web.FilterChainProxy       [0;39m [2m:[0;39m Secured POST /api/auth/signup
Hibernate: 
    select
        u1_0.id,
        u1_0.email,
        u1_0.password,
        u1_0.username 
    from
        users u1_0 
    where
        u1_0.username=?
Hibernate: 
    select
        u1_0.id,
        u1_0.email,
        u1_0.password,
        u1_0.username 
    from
        users u1_0 
    where
        u1_0.email=?
Hibernate: 
    insert 
    into
        users
        (email, password, username) 
    values
        (?, ?, ?)
[2m2025-08-15T08:38:16.281+05:30[0;39m [32mDEBUG[0;39m [35m9593[0;39m [2m--- [cloud-based-Task-manager] [nio-8080-exec-8] [0;39m[36mo.s.security.web.FilterChainProxy       [0;39m [2m:[0;39m Securing POST /api/auth/signup
[2m2025-08-15T08:38:16.286+05:30[0;39m [32mDEBUG[0;39m [35m9593[0;39m [2m--- [cloud-based-Task-manager] [nio-8080-exec-8] [0;39m[36mo.s.s.w.a.AnonymousAuthenticationFilter [0;39m [2m:[0;39m Set SecurityContextHolder to anonymous SecurityContext
[2m2025-08-15T08:38:16.294+05:30[0;39m [32mDEBUG[0;39m [35m9593[0;39m [2m--- [cloud-based-Task-manager] [nio-8080-exec-8] [0;39m[36mo.s.security.web.FilterChainProxy       [0;39m [2m:[0;39m Secured POST /api/auth/signup
Hibernate: 
    select
        u1_0.id,
        u1_0.email,
        u1_0.password,
        u1_0.username 
    from
        users u1_0 
    where
        u1_0.username=?
Hibernate: 
    select
        u1_0.id,
        u1_0.email,
        u1_0.password,
        u1_0.username 
    from
        users u1_0 
    where
        u1_0.email=?
Hibernate: 
    insert 
    into
        users
        (email, password, username) 
    values
        (?, ?, ?)
[2m2025-08-15T08:38:51.092+05:30[0;39m [32mDEBUG[0;39m [35m9593[0;39m [2m--- [cloud-based-Task-manager] [nio-8080-exec-9] [0;39m[36mo.s.security.web.FilterChainProxy       [0;39m [2m:[0;39m Securing OPTIONS /api/auth/signup
[2m2025-08-15T08:38:51.095+05:30[0;39m [32mDEBUG[0;39m [35m9593[0;39m [2m--- [cloud-based-Task-manager] [nio-8080-exec-9] [0;39m[36mo.s.s.w.a.AnonymousAuthenticationFilter [0;39m [2m:[0;39m Set SecurityContextHolder to anonymous SecurityContext
[2m2025-08-15T08:38:51.096+05:30[0;39m [32mDEBUG[0;39m [35m9593[0;39m [2m--- [cloud-based-Task-manager] [nio-8080-exec-9] [0;39m[36mo.s.security.web.FilterChainProxy       [0;39m [2m:[0;39m Secured OPTIONS /api/auth/signup
[2m2025-08-15T08:38:51.204+05:30[0;39m [32mDEBUG[0;39m [35m9593[0;39m [2m--- [cloud-based-Task-manager] [io-8080-exec-10] [0;39m[36mo.s.security.web.FilterChainProxy       [0;39m [2m:[0;39m Securing POST /api/auth/signup
[2m2025-08-15T08:38:51.206+05:30[0;39m [32mDEBUG[0;39m [35m9593[0;39m [2m--- [cloud-based-Task-manager] [io-8080-exec-10] [0;39m[36mo.s.s.w.a.AnonymousAuthenticationFilter [0;39m [2m:[0;39m Set SecurityContextHolder to anonymous SecurityContext
[2m2025-08-15T08:38:51.207+05:30[0;39m [32mDEBUG[0;39m [35m9593[0;39m [2m--- [cloud-based-Task-manager] [io-8080-exec-10] [0;39m[36mo.s.security.web.FilterChainProxy       [0;39m [2m:[0;39m Secured POST /api/auth/signup
Hibernate: 
    select
        u1_0.id,
        u1_0.email,
        u1_0.password,
        u1_0.username 
    from
        users u1_0 
    where
        u1_0.username=?
Hibernate: 
    select
        u1_0.id,
        u1_0.email,
        u1_0.password,
        u1_0.username 
    from
        users u1_0 
    where
        u1_0.email=?
Hibernate: 
    insert 
    into
        users
        (email, password, username) 
    values
        (?, ?, ?)
[2m2025-08-15T08:38:55.340+05:30[0;39m [32mDEBUG[0;39m [35m9593[0;39m [2m--- [cloud-based-Task-manager] [nio-8080-exec-2] [0;39m[36mo.s.security.web.FilterChainProxy       [0;39m [2m:[0;39m Securing OPTIONS /api/auth/login
[2m2025-08-15T08:38:55.342+05:30[0;39m [32mDEBUG[0;39m [35m9593[0;39m [2m--- [cloud-based-Task-manager] [nio-8080-exec-2] [0;39m[36mo.s.s.w.a.AnonymousAuthenticationFilter [0;39m [2m:[0;39m Set SecurityContextHolder to anonymous SecurityContext
[2m2025-08-15T08:38:55.344+05:30[0;39m [32mDEBUG[0;39m [35m9593[0;39m [2m--- [cloud-based-Task-manager] [nio-8080-exec-2] [0;39m[36mo.s.security.web.FilterChainProxy       [0;39m [2m:[0;39m Secured OPTIONS /api/auth/login
[2m2025-08-15T08:38:55.358+05:30[0;39m [32mDEBUG[0;39m [35m9593[0;39m [2m--- [cloud-based-Task-manager] [nio-8080-exec-3] [0;39m[36mo.s.security.web.FilterChainProxy       [0;39m [2m:[0;39m Securing POST /api/auth/login
[2m2025-08-15T08:38:55.360+05:30[0;39m [32mDEBUG[0;39m [35m9593[0;39m [2m--- [cloud-based-Task-manager] [nio-8080-exec-3] [0;39m[36mo.s.s.w.a.AnonymousAuthenticationFilter [0;39m [2m:[0;39m Set SecurityContextHolder to anonymous SecurityContext
[2m2025-08-15T08:38:55.360+05:30[0;39m [32mDEBUG[0;39m [35m9593[0;39m [2m--- [cloud-based-Task-manager] [nio-8080-exec-3] [0;39m[36mo.s.security.web.FilterChainProxy       [0;39m [2m:[0;39m Secured POST /api/auth/login
Hibernate: 
    select
        u1_0.id,
        u1_0.email,
        u1_0.password,
        u1_0.username 
    from
        users u1_0 
    where
        u1_0.username=?
[2m2025-08-15T08:43:03.249+05:30[0;39m [32mDEBUG[0;39m [35m9593[0;39m [2m--- [cloud-based-Task-manager] [nio-8080-exec-5] [0;39m[36mo.s.security.web.FilterChainProxy       [0;39m [2m:[0;39m Securing OPTIONS /api/api/auth/signup
[2m2025-08-15T08:43:03.346+05:30[0;39m [32mDEBUG[0;39m [35m9593[0;39m [2m--- [cloud-based-Task-manager] [nio-8080-exec-5] [0;39m[36mo.s.s.w.a.AnonymousAuthenticationFilter [0;39m [2m:[0;39m Set SecurityContextHolder to anonymous SecurityContext
[2m2025-08-15T08:43:03.461+05:30[0;39m [32mDEBUG[0;39m [35m9593[0;39m [2m--- [cloud-based-Task-manager] [nio-8080-exec-5] [0;39m[36mo.s.s.w.a.Http403ForbiddenEntryPoint    [0;39m [2m:[0;39m Pre-authenticated entry point called. Rejecting access
[2m2025-08-15T08:43:03.518+05:30[0;39m [32mDEBUG[0;39m [35m9593[0;39m [2m--- [cloud-based-Task-manager] [nio-8080-exec-5] [0;39m[36mo.s.security.web.FilterChainProxy       [0;39m [2m:[0;39m Securing OPTIONS /error
[2m2025-08-15T08:43:03.523+05:30[0;39m [32mDEBUG[0;39m [35m9593[0;39m [2m--- [cloud-based-Task-manager] [nio-8080-exec-5] [0;39m[36mo.s.s.w.a.AnonymousAuthenticationFilter [0;39m [2m:[0;39m Set SecurityContextHolder to anonymous SecurityContext
[2m2025-08-15T08:43:03.523+05:30[0;39m [32mDEBUG[0;39m [35m9593[0;39m [2m--- [cloud-based-Task-manager] [nio-8080-exec-5] [0;39m[36mo.s.s.w.a.Http403ForbiddenEntryPoint    [0;39m [2m:[0;39m Pre-authenticated entry point called. Rejecting access
[2m2025-08-15T08:45:59.219+05:30[0;39m [32mDEBUG[0;39m [35m9593[0;39m [2m--- [cloud-based-Task-manager] [nio-8080-exec-7] [0;39m[36mo.s.security.web.FilterChainProxy       [0;39m [2m:[0;39m Securing POST /api/auth/signup
[2m2025-08-15T08:45:59.228+05:30[0;39m [32mDEBUG[0;39m [35m9593[0;39m [2m--- [cloud-based-Task-manager] [nio-8080-exec-7] [0;39m[36mo.s.s.w.a.AnonymousAuthenticationFilter [0;39m [2m:[0;39m Set SecurityContextHolder to anonymous SecurityContext
[2m2025-08-15T08:45:59.232+05:30[0;39m [32mDEBUG[0;39m [35m9593[0;39m [2m--- [cloud-based-Task-manager] [nio-8080-exec-7] [0;39m[36mo.s.security.web.FilterChainProxy       [0;39m [2m:[0;39m Secured POST /api/auth/signup
Hibernate: 
    select
        u1_0.id,
        u1_0.email,
        u1_0.password,
        u1_0.username 
    from
        users u1_0 
    where
        u1_0.username=?
Hibernate: 
    select
        u1_0.id,
        u1_0.email,
        u1_0.password,
        u1_0.username 
    from
        users u1_0 
    where
        u1_0.email=?
Hibernate: 
    insert 
    into
        users
        (email, password, username) 
    values
        (?, ?, ?)
[2m2025-08-15T09:00:22.472+05:30[0;39m [32mDEBUG[0;39m [35m9593[0;39m [2m--- [cloud-based-Task-manager] [nio-8080-exec-8] [0;39m[36mo.s.security.web.FilterChainProxy       [0;39m [2m:[0;39m Securing OPTIONS /api/api/auth/signup
[2m2025-08-15T09:00:22.483+05:30[0;39m [32mDEBUG[0;39m [35m9593[0;39m [2m--- [cloud-based-Task-manager] [nio-8080-exec-8] [0;39m[36mo.s.s.w.a.AnonymousAuthenticationFilter [0;39m [2m:[0;39m Set SecurityContextHolder to anonymous SecurityContext
[2m2025-08-15T09:00:22.495+05:30[0;39m [32mDEBUG[0;39m [35m9593[0;39m [2m--- [cloud-based-Task-manager] [nio-8080-exec-8] [0;39m[36mo.s.s.w.a.Http403ForbiddenEntryPoint    [0;39m [2m:[0;39m Pre-authenticated entry point called. Rejecting access
[2m2025-08-15T09:00:22.501+05:30[0;39m [32mDEBUG[0;39m [35m9593[0;39m [2m--- [cloud-based-Task-manager] [nio-8080-exec-8] [0;39m[36mo.s.security.web.FilterChainProxy       [0;39m [2m:[0;39m Securing OPTIONS /error
[2m2025-08-15T09:00:22.502+05:30[0;39m [32mDEBUG[0;39m [35m9593[0;39m [2m--- [cloud-based-Task-manager] [nio-8080-exec-8] [0;39m[36mo.s.s.w.a.AnonymousAuthenticationFilter [0;39m [2m:[0;39m Set SecurityContextHolder to anonymous SecurityContext
[2m2025-08-15T09:00:22.503+05:30[0;39m [32mDEBUG[0;39m [35m9593[0;39m [2m--- [cloud-based-Task-manager] [nio-8080-exec-8] [0;39m[36mo.s.s.w.a.Http403ForbiddenEntryPoint    [0;39m [2m:[0;39m Pre-authenticated entry point called. Rejecting access
[2m2025-08-15T09:00:54.605+05:30[0;39m [32mDEBUG[0;39m [35m9593[0;39m [2m--- [cloud-based-Task-manager] [io-8080-exec-10] [0;39m[36mo.s.security.web.FilterChainProxy       [0;39m [2m:[0;39m Securing OPTIONS /api/api/auth/login
[2m2025-08-15T09:00:54.609+05:30[0;39m [32mDEBUG[0;39m [35m9593[0;39m [2m--- [cloud-based-Task-manager] [io-8080-exec-10] [0;39m[36mo.s.s.w.a.AnonymousAuthenticationFilter [0;39m [2m:[0;39m Set SecurityContextHolder to anonymous SecurityContext
[2m2025-08-15T09:00:54.612+05:30[0;39m [32mDEBUG[0;39m [35m9593[0;39m [2m--- [cloud-based-Task-manager] [io-8080-exec-10] [0;39m[36mo.s.s.w.a.Http403ForbiddenEntryPoint    [0;39m [2m:[0;39m Pre-authenticated entry point called. Rejecting access
[2m2025-08-15T09:00:54.615+05:30[0;39m [32mDEBUG[0;39m [35m9593[0;39m [2m--- [cloud-based-Task-manager] [io-8080-exec-10] [0;39m[36mo.s.security.web.FilterChainProxy       [0;39m [2m:[0;39m Securing OPTIONS /error
[2m2025-08-15T09:00:54.615+05:30[0;39m [32mDEBUG[0;39m [35m9593[0;39m [2m--- [cloud-based-Task-manager] [io-8080-exec-10] [0;39m[36mo.s.s.w.a.AnonymousAuthenticationFilter [0;39m [2m:[0;39m Set SecurityContextHolder to anonymous SecurityContext
[2m2025-08-15T09:00:54.616+05:30[0;39m [32mDEBUG[0;39m [35m9593[0;39m [2m--- [cloud-based-Task-manager] [io-8080-exec-10] [0;39m[36mo.s.s.w.a.Http403ForbiddenEntryPoint    [0;39m [2m:[0;39m Pre-authenticated entry point called. Rejecting access
[2m2025-08-15T09:00:56.989+05:30[0;39m [32mDEBUG[0;39m [35m9593[0;39m [2m--- [cloud-based-Task-manager] [nio-8080-exec-2] [0;39m[36mo.s.security.web.FilterChainProxy       [0;39m [2m:[0;39m Securing OPTIONS /api/api/auth/login
[2m2025-08-15T09:00:56.991+05:30[0;39m [32mDEBUG[0;39m [35m9593[0;39m [2m--- [cloud-based-Task-manager] [nio-8080-exec-2] [0;39m[36mo.s.s.w.a.AnonymousAuthenticationFilter [0;39m [2m:[0;39m Set SecurityContextHolder to anonymous SecurityContext
[2m2025-08-15T09:00:56.992+05:30[0;39m [32mDEBUG[0;39m [35m9593[0;39m [2m--- [cloud-based-Task-manager] [nio-8080-exec-2] [0;39m[36mo.s.s.w.a.Http403ForbiddenEntryPoint    [0;39m [2m:[0;39m Pre-authenticated entry point called. Rejecting access
[2m2025-08-15T09:00:56.994+05:30[0;39m [32mDEBUG[0;39m [35m9593[0;39m [2m--- [cloud-based-Task-manager] [nio-8080-exec-2] [0;39m[36mo.s.security.web.FilterChainProxy       [0;39m [2m:[0;39m Securing OPTIONS /error
[2m2025-08-15T09:00:56.995+05:30[0;39m [32mDEBUG[0;39m [35m9593[0;39m [2m--- [cloud-based-Task-manager] [nio-8080-exec-2] [0;39m[36mo.s.s.w.a.AnonymousAuthenticationFilter [0;39m [2m:[0;39m Set SecurityContextHolder to anonymous SecurityContext
[2m2025-08-15T09:00:56.995+05:30[0;39m [32mDEBUG[0;39m [35m9593[0;39m [2m--- [cloud-based-Task-manager] [nio-8080-exec-2] [0;39m[36mo.s.s.w.a.Http403ForbiddenEntryPoint    [0;39m [2m:[0;39m Pre-authenticated entry point called. Rejecting access
[2m2025-08-15T09:00:57.182+05:30[0;39m [32mDEBUG[0;39m [35m9593[0;39m [2m--- [cloud-based-Task-manager] [nio-8080-exec-3] [0;39m[36mo.s.security.web.FilterChainProxy       [0;39m [2m:[0;39m Securing OPTIONS /api/api/auth/login
[2m2025-08-15T09:00:57.183+05:30[0;39m [32mDEBUG[0;39m [35m9593[0;39m [2m--- [cloud-based-Task-manager] [nio-8080-exec-3] [0;39m[36mo.s.s.w.a.AnonymousAuthenticationFilter [0;39m [2m:[0;39m Set SecurityContextHolder to anonymous SecurityContext
[2m2025-08-15T09:00:57.184+05:30[0;39m [32mDEBUG[0;39m [35m9593[0;39m [2m--- [cloud-based-Task-manager] [nio-8080-exec-3] [0;39m[36mo.s.s.w.a.Http403ForbiddenEntryPoint    [0;39m [2m:[0;39m Pre-authenticated entry point called. Rejecting access
[2m2025-08-15T09:00:57.186+05:30[0;39m [32mDEBUG[0;39m [35m9593[0;39m [2m--- [cloud-based-Task-manager] [nio-8080-exec-3] [0;39m[36mo.s.security.web.FilterChainProxy       [0;39m [2m:[0;39m Securing OPTIONS /error
[2m2025-08-15T09:00:57.187+05:30[0;39m [32mDEBUG[0;39m [35m9593[0;39m [2m--- [cloud-based-Task-manager] [nio-8080-exec-3] [0;39m[36mo.s.s.w.a.AnonymousAuthenticationFilter [0;39m [2m:[0;39m Set SecurityContextHolder to anonymous SecurityContext
[2m2025-08-15T09:00:57.187+05:30[0;39m [32mDEBUG[0;39m [35m9593[0;39m [2m--- [cloud-based-Task-manager] [nio-8080-exec-3] [0;39m[36mo.s.s.w.a.Http403ForbiddenEntryPoint    [0;39m [2m:[0;39m Pre-authenticated entry point called. Rejecting access
[2m2025-08-15T09:00:57.431+05:30[0;39m [32mDEBUG[0;39m [35m9593[0;39m [2m--- [cloud-based-Task-manager] [nio-8080-exec-4] [0;39m[36mo.s.security.web.FilterChainProxy       [0;39m [2m:[0;39m Securing OPTIONS /api/api/auth/login
[2m2025-08-15T09:00:57.432+05:30[0;39m [32mDEBUG[0;39m [35m9593[0;39m [2m--- [cloud-based-Task-manager] [nio-8080-exec-4] [0;39m[36mo.s.s.w.a.AnonymousAuthenticationFilter [0;39m [2m:[0;39m Set SecurityContextHolder to anonymous SecurityContext
[2m2025-08-15T09:00:57.432+05:30[0;39m [32mDEBUG[0;39m [35m9593[0;39m [2m--- [cloud-based-Task-manager] [nio-8080-exec-4] [0;39m[36mo.s.s.w.a.Http403ForbiddenEntryPoint    [0;39m [2m:[0;39m Pre-authenticated entry point called. Rejecting access
[2m2025-08-15T09:00:57.435+05:30[0;39m [32mDEBUG[0;39m [35m9593[0;39m [2m--- [cloud-based-Task-manager] [nio-8080-exec-4] [0;39m[36mo.s.security.web.FilterChainProxy       [0;39m [2m:[0;39m Securing OPTIONS /error
[2m2025-08-15T09:00:57.436+05:30[0;39m [32mDEBUG[0;39m [35m9593[0;39m [2m--- [cloud-based-Task-manager] [nio-8080-exec-4] [0;39m[36mo.s.s.w.a.AnonymousAuthenticationFilter [0;39m [2m:[0;39m Set SecurityContextHolder to anonymous SecurityContext
[2m2025-08-15T09:00:57.436+05:30[0;39m [32mDEBUG[0;39m [35m9593[0;39m [2m--- [cloud-based-Task-manager] [nio-8080-exec-4] [0;39m[36mo.s.s.w.a.Http403ForbiddenEntryPoint    [0;39m [2m:[0;39m Pre-authenticated entry point called. Rejecting access

> Task :bootRun FAILED

FAILURE: Build failed with an exception.

* What went wrong:
Execution failed for task ':bootRun'.
> Process 'command '/Users/mehan/Library/Java/JavaVirtualMachines/openjdk-23.0.1/Contents/Home/bin/java'' finished with non-zero exit value 137

* Try:
> Run with --stacktrace option to get the stack trace.
> Run with --info or --debug option to get more log output.
> Run with --scan to get full insights.
> Get more help at https://help.gradle.org.

BUILD FAILED in 29m 26s
4 actionable tasks: 3 executed, 1 up-to-date
